{
  "stats": {
    "suites": 1,
    "tests": 2,
    "passes": 2,
    "pending": 0,
    "failures": 0,
    "start": "2022-05-18T07:15:55.641Z",
    "end": "2022-05-18T07:16:04.208Z",
    "duration": 8567,
    "testsRegistered": 2,
    "passPercent": 100,
    "pendingPercent": 0,
    "other": 0,
    "hasOther": false,
    "skipped": 0,
    "hasSkipped": false
  },
  "results": [
    {
      "uuid": "33267e42-e42d-4221-8736-65eca05765e7",
      "title": "",
      "fullFile": "cypress/integration/ConduitApp/Tags.spec.js",
      "file": "cypress/integration/ConduitApp/Tags.spec.js",
      "beforeHooks": [],
      "afterHooks": [],
      "tests": [],
      "suites": [
        {
          "uuid": "b7d83bd7-f5e5-4a4a-879b-cc195a0c7fdb",
          "title": "Tags Suite",
          "fullFile": "",
          "file": "",
          "beforeHooks": [],
          "afterHooks": [],
          "tests": [
            {
              "title": "Home Page Tags test",
              "fullTitle": "Tags Suite Home Page Tags test",
              "timedOut": null,
              "duration": 3738,
              "state": "passed",
              "speed": "fast",
              "pass": true,
              "fail": false,
              "pending": false,
              "context": null,
              "code": "cy.visit('/');\ncy.get('.sidebar .tag-list').should('contain', 'cypress').and('contain', 'automation').and('contain', 'testing');",
              "err": {},
              "uuid": "4e8dbc7f-ff81-40a6-90b4-c6eb6fc26708",
              "parentUUID": "b7d83bd7-f5e5-4a4a-879b-cc195a0c7fdb",
              "isHook": false,
              "skipped": false
            },
            {
              "title": "Post Login Tags test",
              "fullTitle": "Tags Suite Post Login Tags test",
              "timedOut": null,
              "duration": 4693,
              "state": "passed",
              "speed": "fast",
              "pass": true,
              "fail": false,
              "pending": false,
              "context": null,
              "code": "cy.loginToConduitApp();\ncy.get('.sidebar .tag-list').should('contain', 'cypress').and('contain', 'automation').and('contain', 'testing');",
              "err": {},
              "uuid": "5bac12ac-0fd8-47e3-bc8f-82a136791673",
              "parentUUID": "b7d83bd7-f5e5-4a4a-879b-cc195a0c7fdb",
              "isHook": false,
              "skipped": false
            }
          ],
          "suites": [],
          "passes": [
            "4e8dbc7f-ff81-40a6-90b4-c6eb6fc26708",
            "5bac12ac-0fd8-47e3-bc8f-82a136791673"
          ],
          "failures": [],
          "pending": [],
          "skipped": [],
          "duration": 8431,
          "root": false,
          "rootEmpty": false,
          "_timeout": 2000
        }
      ],
      "passes": [],
      "failures": [],
      "pending": [],
      "skipped": [],
      "duration": 0,
      "root": true,
      "rootEmpty": true,
      "_timeout": 2000
    }
  ],
  "meta": {
    "mocha": {
      "version": "7.0.1"
    },
    "mochawesome": {
      "options": {
        "quiet": false,
        "reportFilename": "mochawesome",
        "saveHtml": false,
        "saveJson": true,
        "consoleReporter": "spec",
        "useInlineDiffs": false,
        "code": true
      },
      "version": "7.1.3"
    },
    "marge": {
      "options": {
        "id": "default",
        "reportDir": "cypress/results",
        "overwrite": false,
        "html": false,
        "json": true
      },
      "version": "6.2.0"
    }
  }
}