{
  "stats": {
    "suites": 1,
    "tests": 1,
    "passes": 1,
    "pending": 0,
    "failures": 0,
    "start": "2022-05-18T07:15:27.915Z",
    "end": "2022-05-18T07:15:39.114Z",
    "duration": 11199,
    "testsRegistered": 1,
    "passPercent": 100,
    "pendingPercent": 0,
    "other": 0,
    "hasOther": false,
    "skipped": 0,
    "hasSkipped": false
  },
  "results": [
    {
      "uuid": "0eaaac00-37f8-4194-b6e5-7e4a6ba390cb",
      "title": "",
      "fullFile": "cypress/integration/ConduitApp/DeleteArticle.spec.js",
      "file": "cypress/integration/ConduitApp/DeleteArticle.spec.js",
      "beforeHooks": [],
      "afterHooks": [],
      "tests": [],
      "suites": [
        {
          "uuid": "80982200-a091-4804-a80b-f568064be0d7",
          "title": "Delete an Article Suite",
          "fullFile": "",
          "file": "",
          "beforeHooks": [],
          "afterHooks": [],
          "tests": [
            {
              "title": "Delete Article",
              "fullTitle": "Delete an Article Suite Delete Article",
              "timedOut": null,
              "duration": 10993,
              "state": "passed",
              "speed": "slow",
              "pass": true,
              "fail": false,
              "pending": false,
              "context": null,
              "code": "cy.intercept('DELETE', '**/articles/*').as('deleteArticle');\ncy.contains('Global Feed').click();\ncy.get('h1').first().click();\ncy.wait(5000);\ncy.contains(' Delete Article').first().click();\ncy.wait('@deleteArticle').then(interception => {\n  console.log(interception);\n  expect(interception.response.statusCode).equal(204);\n  expect(interception.response.body).equal('');\n  expect(interception.request.url).equal(interception.response.url);\n});",
              "err": {},
              "uuid": "4b72e097-b12e-4592-b983-03909b086c0b",
              "parentUUID": "80982200-a091-4804-a80b-f568064be0d7",
              "isHook": false,
              "skipped": false
            }
          ],
          "suites": [],
          "passes": [
            "4b72e097-b12e-4592-b983-03909b086c0b"
          ],
          "failures": [],
          "pending": [],
          "skipped": [],
          "duration": 10993,
          "root": false,
          "rootEmpty": false,
          "_timeout": 2000
        }
      ],
      "passes": [],
      "failures": [],
      "pending": [],
      "skipped": [],
      "duration": 0,
      "root": true,
      "rootEmpty": true,
      "_timeout": 2000
    }
  ],
  "meta": {
    "mocha": {
      "version": "7.0.1"
    },
    "mochawesome": {
      "options": {
        "quiet": false,
        "reportFilename": "mochawesome",
        "saveHtml": false,
        "saveJson": true,
        "consoleReporter": "spec",
        "useInlineDiffs": false,
        "code": true
      },
      "version": "7.1.3"
    },
    "marge": {
      "options": {
        "id": "default",
        "reportDir": "cypress/results",
        "overwrite": false,
        "html": false,
        "json": true
      },
      "version": "6.2.0"
    }
  }
}