{
  "stats": {
    "suites": 1,
    "tests": 1,
    "passes": 1,
    "pending": 0,
    "failures": 0,
    "start": "2022-05-18T06:14:20.181Z",
    "end": "2022-05-18T06:14:27.769Z",
    "duration": 7588,
    "testsRegistered": 1,
    "passPercent": 100,
    "pendingPercent": 0,
    "other": 0,
    "hasOther": false,
    "skipped": 0,
    "hasSkipped": false
  },
  "results": [
    {
      "uuid": "808244bd-f25c-4d7b-aca4-fd2cfff58c4a",
      "title": "",
      "fullFile": "cypress/integration/ConduitApp/Articles.spec.js",
      "file": "cypress/integration/ConduitApp/Articles.spec.js",
      "beforeHooks": [],
      "afterHooks": [],
      "tests": [],
      "suites": [
        {
          "uuid": "c47898cc-27f1-444a-99e1-431aac9b6bdd",
          "title": "Tags Suite",
          "fullFile": "",
          "file": "",
          "beforeHooks": [],
          "afterHooks": [],
          "tests": [
            {
              "title": "Get articles",
              "fullTitle": "Tags Suite Get articles",
              "timedOut": null,
              "duration": 7383,
              "state": "passed",
              "speed": "medium",
              "pass": true,
              "fail": false,
              "pending": false,
              "context": null,
              "code": "cy.contains('Global Feed').click();\ncy.wait(200);\ncy.get('button.btn-outline-primary').then(likes => {\n  expect(likes[0]).to.contain('2');\n  expect(likes[1]).to.contain('5');\n}); //Mocking likes count\ncy.fixture('articles').then(file => {\n  const likeLink = file.articles[1].slug;\n  cy.intercept('POST', '**/articles/' + likeLink + '/favorite', req => {\n    req.reply(file);\n  });\n  cy.get('button.btn-outline-primary').contains(5).click().should('contain', '6');\n});",
              "err": {},
              "uuid": "9508946f-565c-4cf2-a6ea-464ae56842e4",
              "parentUUID": "c47898cc-27f1-444a-99e1-431aac9b6bdd",
              "isHook": false,
              "skipped": false
            }
          ],
          "suites": [],
          "passes": [
            "9508946f-565c-4cf2-a6ea-464ae56842e4"
          ],
          "failures": [],
          "pending": [],
          "skipped": [],
          "duration": 7383,
          "root": false,
          "rootEmpty": false,
          "_timeout": 2000
        }
      ],
      "passes": [],
      "failures": [],
      "pending": [],
      "skipped": [],
      "duration": 0,
      "root": true,
      "rootEmpty": true,
      "_timeout": 2000
    }
  ],
  "meta": {
    "mocha": {
      "version": "7.0.1"
    },
    "mochawesome": {
      "options": {
        "quiet": false,
        "reportFilename": "mochawesome",
        "saveHtml": false,
        "saveJson": true,
        "consoleReporter": "spec",
        "useInlineDiffs": false,
        "code": true
      },
      "version": "7.1.3"
    },
    "marge": {
      "options": {
        "id": "default",
        "reportDir": "cypress/results",
        "overwrite": false,
        "html": false,
        "json": true
      },
      "version": "6.2.0"
    }
  }
}