{
  "stats": {
    "suites": 1,
    "tests": 1,
    "passes": 1,
    "pending": 0,
    "failures": 0,
    "start": "2022-05-18T07:15:17.272Z",
    "end": "2022-05-18T07:15:24.713Z",
    "duration": 7441,
    "testsRegistered": 1,
    "passPercent": 100,
    "pendingPercent": 0,
    "other": 0,
    "hasOther": false,
    "skipped": 0,
    "hasSkipped": false
  },
  "results": [
    {
      "uuid": "3c5009de-d4c0-4c93-8116-072b609ddd47",
      "title": "",
      "fullFile": "cypress/integration/ConduitApp/Articles.spec.js",
      "file": "cypress/integration/ConduitApp/Articles.spec.js",
      "beforeHooks": [],
      "afterHooks": [],
      "tests": [],
      "suites": [
        {
          "uuid": "ecbf52d0-dfae-4b40-9c89-0fc7e641bde5",
          "title": "Tags Suite",
          "fullFile": "",
          "file": "",
          "beforeHooks": [],
          "afterHooks": [],
          "tests": [
            {
              "title": "Get articles",
              "fullTitle": "Tags Suite Get articles",
              "timedOut": null,
              "duration": 7401,
              "state": "passed",
              "speed": "medium",
              "pass": true,
              "fail": false,
              "pending": false,
              "context": null,
              "code": "cy.contains('Global Feed').click();\ncy.wait(200);\ncy.get('button.btn-outline-primary').then(likes => {\n  expect(likes[0]).to.contain('2');\n  expect(likes[1]).to.contain('5');\n}); //Mocking likes count\ncy.fixture('articles').then(file => {\n  const likeLink = file.articles[1].slug;\n  cy.intercept('POST', '**/articles/' + likeLink + '/favorite', req => {\n    req.reply(file);\n  });\n  cy.get('button.btn-outline-primary').contains(5).click().should('contain', '6');\n});",
              "err": {},
              "uuid": "7660da17-c169-4f2f-8f77-46174e75bf5d",
              "parentUUID": "ecbf52d0-dfae-4b40-9c89-0fc7e641bde5",
              "isHook": false,
              "skipped": false
            }
          ],
          "suites": [],
          "passes": [
            "7660da17-c169-4f2f-8f77-46174e75bf5d"
          ],
          "failures": [],
          "pending": [],
          "skipped": [],
          "duration": 7401,
          "root": false,
          "rootEmpty": false,
          "_timeout": 2000
        }
      ],
      "passes": [],
      "failures": [],
      "pending": [],
      "skipped": [],
      "duration": 0,
      "root": true,
      "rootEmpty": true,
      "_timeout": 2000
    }
  ],
  "meta": {
    "mocha": {
      "version": "7.0.1"
    },
    "mochawesome": {
      "options": {
        "quiet": false,
        "reportFilename": "mochawesome",
        "saveHtml": false,
        "saveJson": true,
        "consoleReporter": "spec",
        "useInlineDiffs": false,
        "code": true
      },
      "version": "7.1.3"
    },
    "marge": {
      "options": {
        "id": "default",
        "reportDir": "cypress/results",
        "overwrite": false,
        "html": false,
        "json": true
      },
      "version": "6.2.0"
    }
  }
}