{
  "stats": {
    "suites": 1,
    "tests": 2,
    "passes": 2,
    "pending": 0,
    "failures": 0,
    "start": "2022-05-18T06:15:07.168Z",
    "end": "2022-05-18T06:15:16.898Z",
    "duration": 9730,
    "testsRegistered": 2,
    "passPercent": 100,
    "pendingPercent": 0,
    "other": 0,
    "hasOther": false,
    "skipped": 0,
    "hasSkipped": false
  },
  "results": [
    {
      "uuid": "87ee2f11-ebf7-46d3-a853-a9abeab2d548",
      "title": "",
      "fullFile": "cypress/integration/ConduitApp/Tags.spec.js",
      "file": "cypress/integration/ConduitApp/Tags.spec.js",
      "beforeHooks": [],
      "afterHooks": [],
      "tests": [],
      "suites": [
        {
          "uuid": "c7f80860-f3d9-4720-aeca-35e89bc7fe39",
          "title": "Tags Suite",
          "fullFile": "",
          "file": "",
          "beforeHooks": [],
          "afterHooks": [],
          "tests": [
            {
              "title": "Home Page Tags test",
              "fullTitle": "Tags Suite Home Page Tags test",
              "timedOut": null,
              "duration": 4181,
              "state": "passed",
              "speed": "fast",
              "pass": true,
              "fail": false,
              "pending": false,
              "context": null,
              "code": "cy.visit('/');\ncy.get('.sidebar .tag-list').should('contain', 'cypress').and('contain', 'automation').and('contain', 'testing');",
              "err": {},
              "uuid": "ceacb705-fca9-4cc9-ba24-aa2de70edf53",
              "parentUUID": "c7f80860-f3d9-4720-aeca-35e89bc7fe39",
              "isHook": false,
              "skipped": false
            },
            {
              "title": "Post Login Tags test",
              "fullTitle": "Tags Suite Post Login Tags test",
              "timedOut": null,
              "duration": 5387,
              "state": "passed",
              "speed": "medium",
              "pass": true,
              "fail": false,
              "pending": false,
              "context": null,
              "code": "cy.loginToConduitApp();\ncy.get('.sidebar .tag-list').should('contain', 'cypress').and('contain', 'automation').and('contain', 'testing');",
              "err": {},
              "uuid": "7bc1d16c-a7b8-4e70-b662-bcc45f633227",
              "parentUUID": "c7f80860-f3d9-4720-aeca-35e89bc7fe39",
              "isHook": false,
              "skipped": false
            }
          ],
          "suites": [],
          "passes": [
            "ceacb705-fca9-4cc9-ba24-aa2de70edf53",
            "7bc1d16c-a7b8-4e70-b662-bcc45f633227"
          ],
          "failures": [],
          "pending": [],
          "skipped": [],
          "duration": 9568,
          "root": false,
          "rootEmpty": false,
          "_timeout": 2000
        }
      ],
      "passes": [],
      "failures": [],
      "pending": [],
      "skipped": [],
      "duration": 0,
      "root": true,
      "rootEmpty": true,
      "_timeout": 2000
    }
  ],
  "meta": {
    "mocha": {
      "version": "7.0.1"
    },
    "mochawesome": {
      "options": {
        "quiet": false,
        "reportFilename": "mochawesome",
        "saveHtml": false,
        "saveJson": true,
        "consoleReporter": "spec",
        "useInlineDiffs": false,
        "code": true
      },
      "version": "7.1.3"
    },
    "marge": {
      "options": {
        "id": "default",
        "reportDir": "cypress/results",
        "overwrite": false,
        "html": false,
        "json": true
      },
      "version": "6.2.0"
    }
  }
}