<?xml version="1.0" encoding="UTF-8"?>
<testsuites name="Mocha Tests" time="9.4160" tests="1" failures="0">
  <testsuite name="Root Suite" timestamp="2022-05-18T07:15:42" tests="0" file="cypress/integration/ConduitApp/PostNewArticle.spec.js" time="0.0000" failures="0">
  </testsuite>
  <testsuite name="New Article Suite" timestamp="2022-05-18T07:15:42" tests="1" time="9.3140" failures="0">
    <testcase name="New Article Suite Post New Article" time="9.0380" classname="Post New Article">
    </testcase>
  </testsuite>
</testsuites>