<?xml version="1.0" encoding="UTF-8"?>
<testsuites name="Mocha Tests" time="7.5880" tests="1" failures="0">
  <testsuite name="Root Suite" timestamp="2022-05-18T06:14:20" tests="0" file="cypress/integration/ConduitApp/Articles.spec.js" time="0.0000" failures="0">
  </testsuite>
  <testsuite name="Tags Suite" timestamp="2022-05-18T06:14:20" tests="1" time="7.4750" failures="0">
    <testcase name="Tags Suite Get articles" time="7.3830" classname="Get articles">
    </testcase>
  </testsuite>
</testsuites>